GNU gdb (GDB) 15.0.50.20240223-git
Copyright (C) 2024 Free Software Foundation, Inc.
License GPLv3+: GNU GPL version 3 or later <http://gnu.org/licenses/gpl.html>
This is free software: you are free to change and redistribute it.
There is NO WARRANTY, to the extent permitted by law.
Type "show copying" and "show warranty" for details.
This GDB was configured as "x86_64-pc-linux-gnu".
Type "show configuration" for configuration details.
For bug reporting instructions, please see:
<https://www.gnu.org/software/gdb/bugs/>.
Find the GDB manual and other documentation resources online at:
    <http://www.gnu.org/software/gdb/documentation/>.

For help, type "help".
Type "apropos word" to search for commands related to "word"...
Reading symbols from factorial...
(gdb) b   b main
Breakpoint 1 at 0x40112e: file factorial.c, line 4.
(gdb) r factorial 
Starting program: /home/ec2-user/code/samples/factorial factorial
[Thread debugging using libthread_db enabled]
Using host libthread_db library "/lib64/libthread_db.so.1".

Breakpoint 1, main () at factorial.c:4
4	    int n = 5; // Change this to any number for factorial calculation
(gdb) record full
(gdb) c
Continuing.

Program stopped.
_dl_runtime_resolve_xsave () at ../sysdeps/x86_64/dl-trampoline.h:117
(gdb) record save
  Writing memory 0x7fffffffe1b4 (1 plus 8 plus 4 plus 4 bytes)
  Writing register 16 (1 plus 4 plus 8 bytes)
  Writing record_full_end (1 + 4 + 4 bytes)
  Writing memory 0x7fffffffe1bc (1 plus 8 plus 4 plus 4 bytes)
  Writing register 16 (1 plus 4 plus 8 bytes)
  Writing record_full_end (1 + 4 + 4 bytes)
  Writing memory 0x7fffffffe1b8 (1 plus 8 plus 4 plus 4 bytes)
  Writing register 16 (1 plus 4 plus 8 bytes)
  Writing record_full_end (1 + 4 + 4 bytes)
  Writing register 16 (1 plus 4 plus 8 bytes)
  Writing record_full_end (1 + 4 + 4 bytes)
  Writing register 0 (1 plus 4 plus 8 bytes)
  Writing register 16 (1 plus 4 plus 8 bytes)
  Writing record_full_end (1 + 4 + 4 bytes)
  Writing register 17 (1 plus 4 plus 4 bytes)
  Writing register 16 (1 plus 4 plus 8 bytes)
  Writing record_full_end (1 + 4 + 4 bytes)
  Writing register 16 (1 plus 4 plus 8 bytes)
  Writing record_full_end (1 + 4 + 4 bytes)
  Writing register 0 (1 plus 4 plus 8 bytes)
  Writing register 16 (1 plus 4 plus 8 bytes)
  Writing record_full_end (1 + 4 + 4 bytes)
  Writing register 0 (1 plus 4 plus 8 bytes)
  Writing register 17 (1 plus 4 plus 4 bytes)
  Writing register 16 (1 plus 4 plus 8 bytes)
  Writing record_full_end (1 + 4 + 4 bytes)
  Writing memory 0x7fffffffe1bc (1 plus 8 plus 4 plus 4 bytes)
  Writing register 16 (1 plus 4 plus 8 bytes)
  Writing record_full_end (1 + 4 + 4 bytes)
  Writing memory 0x7fffffffe1b8 (1 plus 8 plus 4 plus 4 bytes)
  Writing register 17 (1 plus 4 plus 4 bytes)
  Writing register 16 (1 plus 4 plus 8 bytes)
  Writing record_full_end (1 + 4 + 4 bytes)
  Writing register 0 (1 plus 4 plus 8 bytes)
  Writing register 16 (1 plus 4 plus 8 bytes)
  Writing record_full_end (1 + 4 + 4 bytes)
  Writing register 17 (1 plus 4 plus 4 bytes)
  Writing register 16 (1 plus 4 plus 8 bytes)
  Writing record_full_end (1 + 4 + 4 bytes)
  Writing register 16 (1 plus 4 plus 8 bytes)
  Writing record_full_end (1 + 4 + 4 bytes)
  Writing register 0 (1 plus 4 plus 8 bytes)
  Writing register 16 (1 plus 4 plus 8 bytes)
  Writing record_full_end (1 + 4 + 4 bytes)
  Writing register 0 (1 plus 4 plus 8 bytes)
  Writing register 17 (1 plus 4 plus 4 bytes)
  Writing register 16 (1 plus 4 plus 8 bytes)
  Writing record_full_end (1 + 4 + 4 bytes)
  Writing memory 0x7fffffffe1bc (1 plus 8 plus 4 plus 4 bytes)
  Writing register 16 (1 plus 4 plus 8 bytes)
  Writing record_full_end (1 + 4 + 4 bytes)
  Writing memory 0x7fffffffe1b8 (1 plus 8 plus 4 plus 4 bytes)
  Writing register 17 (1 plus 4 plus 4 bytes)
  Writing register 16 (1 plus 4 plus 8 bytes)
  Writing record_full_end (1 + 4 + 4 bytes)
  Writing register 0 (1 plus 4 plus 8 bytes)
  Writing register 16 (1 plus 4 plus 8 bytes)
  Writing record_full_end (1 + 4 + 4 bytes)
  Writing register 17 (1 plus 4 plus 4 bytes)
  Writing register 16 (1 plus 4 plus 8 bytes)
  Writing record_full_end (1 + 4 + 4 bytes)
  Writing register 16 (1 plus 4 plus 8 bytes)
  Writing record_full_end (1 + 4 + 4 bytes)
  Writing register 0 (1 plus 4 plus 8 bytes)
  Writing register 16 (1 plus 4 plus 8 bytes)
  Writing record_full_end (1 + 4 + 4 bytes)
  Writing register 0 (1 plus 4 plus 8 bytes)
  Writing register 17 (1 plus 4 plus 4 bytes)
  Writing register 16 (1 plus 4 plus 8 bytes)
  Writing record_full_end (1 + 4 + 4 bytes)
  Writing memory 0x7fffffffe1bc (1 plus 8 plus 4 plus 4 bytes)
  Writing register 16 (1 plus 4 plus 8 bytes)
  Writing record_full_end (1 + 4 + 4 bytes)
  Writing memory 0x7fffffffe1b8 (1 plus 8 plus 4 plus 4 bytes)
  Writing register 17 (1 plus 4 plus 4 bytes)
  Writing register 16 (1 plus 4 plus 8 bytes)
  Writing record_full_end (1 + 4 + 4 bytes)
  Writing register 0 (1 plus 4 plus 8 bytes)
  Writing register 16 (1 plus 4 plus 8 bytes)
  Writing record_full_end (1 + 4 + 4 bytes)
  Writing register 17 (1 plus 4 plus 4 bytes)
  Writing register 16 (1 plus 4 plus 8 bytes)
  Writing record_full_end (1 + 4 + 4 bytes)
  Writing register 16 (1 plus 4 plus 8 bytes)
  Writing record_full_end (1 + 4 + 4 bytes)
  Writing register 0 (1 plus 4 plus 8 bytes)
  Writing register 16 (1 plus 4 plus 8 bytes)
  Writing record_full_end (1 + 4 + 4 bytes)
  Writing register 0 (1 plus 4 plus 8 bytes)
  Writing register 17 (1 plus 4 plus 4 bytes)
  Writing register 16 (1 plus 4 plus 8 bytes)
  Writing record_full_end (1 + 4 + 4 bytes)
  Writing memory 0x7fffffffe1bc (1 plus 8 plus 4 plus 4 bytes)
  Writing register 16 (1 plus 4 plus 8 bytes)
  Writing record_full_end (1 + 4 + 4 bytes)
  Writing memory 0x7fffffffe1b8 (1 plus 8 plus 4 plus 4 bytes)
  Writing register 17 (1 plus 4 plus 4 bytes)
  Writing register 16 (1 plus 4 plus 8 bytes)
  Writing record_full_end (1 + 4 + 4 bytes)
  Writing register 0 (1 plus 4 plus 8 bytes)
  Writing register 16 (1 plus 4 plus 8 bytes)
  Writing record_full_end (1 + 4 + 4 bytes)
  Writing register 17 (1 plus 4 plus 4 bytes)
  Writing register 16 (1 plus 4 plus 8 bytes)
  Writing record_full_end (1 + 4 + 4 bytes)
  Writing register 16 (1 plus 4 plus 8 bytes)
  Writing record_full_end (1 + 4 + 4 bytes)
  Writing register 0 (1 plus 4 plus 8 bytes)
  Writing register 16 (1 plus 4 plus 8 bytes)
  Writing record_full_end (1 + 4 + 4 bytes)
  Writing register 0 (1 plus 4 plus 8 bytes)
  Writing register 17 (1 plus 4 plus 4 bytes)
  Writing register 16 (1 plus 4 plus 8 bytes)
  Writing record_full_end (1 + 4 + 4 bytes)
  Writing memory 0x7fffffffe1bc (1 plus 8 plus 4 plus 4 bytes)
  Writing register 16 (1 plus 4 plus 8 bytes)
  Writing record_full_end (1 + 4 + 4 bytes)
  Writing memory 0x7fffffffe1b8 (1 plus 8 plus 4 plus 4 bytes)
  Writing register 17 (1 plus 4 plus 4 bytes)
  Writing register 16 (1 plus 4 plus 8 bytes)
  Writing record_full_end (1 + 4 + 4 bytes)
  Writing register 0 (1 plus 4 plus 8 bytes)
  Writing register 16 (1 plus 4 plus 8 bytes)
  Writing record_full_end (1 + 4 + 4 bytes)
  Writing register 17 (1 plus 4 plus 4 bytes)
  Writing register 16 (1 plus 4 plus 8 bytes)
  Writing record_full_end (1 + 4 + 4 bytes)
  Writing register 16 (1 plus 4 plus 8 bytes)
  Writing record_full_end (1 + 4 + 4 bytes)
  Writing register 3 (1 plus 4 plus 8 bytes)
  Writing register 16 (1 plus 4 plus 8 bytes)
  Writing record_full_end (1 + 4 + 4 bytes)
  Writing register 0 (1 plus 4 plus 8 bytes)
  Writing register 16 (1 plus 4 plus 8 bytes)
  Writing record_full_end (1 + 4 + 4 bytes)
  Writing register 4 (1 plus 4 plus 8 bytes)
  Writing register 16 (1 plus 4 plus 8 bytes)
  Writing record_full_end (1 + 4 + 4 bytes)
  Writing register 5 (1 plus 4 plus 8 bytes)
  Writing register 16 (1 plus 4 plus 8 bytes)
  Writing record_full_end (1 + 4 + 4 bytes)
  Writing register 0 (1 plus 4 plus 8 bytes)
  Writing register 16 (1 plus 4 plus 8 bytes)
  Writing record_full_end (1 + 4 + 4 bytes)
  Writing register 7 (1 plus 4 plus 8 bytes)
  Writing memory 0x7fffffffe1a8 (1 plus 8 plus 4 plus 8 bytes)
  Writing register 16 (1 plus 4 plus 8 bytes)
  Writing record_full_end (1 + 4 + 4 bytes)
  Writing register 17 (1 plus 4 plus 4 bytes)
  Writing register 16 (1 plus 4 plus 8 bytes)
  Writing record_full_end (1 + 4 + 4 bytes)
  Writing register 7 (1 plus 4 plus 8 bytes)
  Writing memory 0x7fffffffe1a0 (1 plus 8 plus 4 plus 8 bytes)
  Writing register 16 (1 plus 4 plus 8 bytes)
  Writing record_full_end (1 + 4 + 4 bytes)
  Writing register 16 (1 plus 4 plus 8 bytes)
  Writing record_full_end (1 + 4 + 4 bytes)
  Writing register 7 (1 plus 4 plus 8 bytes)
  Writing memory 0x7fffffffe198 (1 plus 8 plus 4 plus 8 bytes)
  Writing register 16 (1 plus 4 plus 8 bytes)
  Writing record_full_end (1 + 4 + 4 bytes)
  Writing register 17 (1 plus 4 plus 4 bytes)
  Writing register 16 (1 plus 4 plus 8 bytes)
  Writing record_full_end (1 + 4 + 4 bytes)
  Writing register 16 (1 plus 4 plus 8 bytes)
  Writing record_full_end (1 + 4 + 4 bytes)
  Writing register 7 (1 plus 4 plus 8 bytes)
  Writing memory 0x7fffffffe190 (1 plus 8 plus 4 plus 8 bytes)
  Writing register 16 (1 plus 4 plus 8 bytes)
  Writing record_full_end (1 + 4 + 4 bytes)
  Writing register 1 (1 plus 4 plus 8 bytes)
  Writing register 16 (1 plus 4 plus 8 bytes)
  Writing record_full_end (1 + 4 + 4 bytes)
  Writing register 7 (1 plus 4 plus 8 bytes)
  Writing register 17 (1 plus 4 plus 4 bytes)
  Writing register 16 (1 plus 4 plus 8 bytes)
  Writing record_full_end (1 + 4 + 4 bytes)
  Writing register 7 (1 plus 4 plus 8 bytes)
  Writing register 17 (1 plus 4 plus 4 bytes)
  Writing register 16 (1 plus 4 plus 8 bytes)
  Writing record_full_end (1 + 4 + 4 bytes)
  Writing memory 0x7fffffffde00 (1 plus 8 plus 4 plus 8 bytes)
  Writing register 16 (1 plus 4 plus 8 bytes)
  Writing record_full_end (1 + 4 + 4 bytes)
  Writing memory 0x7fffffffde08 (1 plus 8 plus 4 plus 8 bytes)
  Writing register 16 (1 plus 4 plus 8 bytes)
  Writing record_full_end (1 + 4 + 4 bytes)
  Writing memory 0x7fffffffde10 (1 plus 8 plus 4 plus 8 bytes)
  Writing register 16 (1 plus 4 plus 8 bytes)
  Writing record_full_end (1 + 4 + 4 bytes)
  Writing memory 0x7fffffffde18 (1 plus 8 plus 4 plus 8 bytes)
  Writing register 16 (1 plus 4 plus 8 bytes)
  Writing record_full_end (1 + 4 + 4 bytes)
  Writing memory 0x7fffffffde20 (1 plus 8 plus 4 plus 8 bytes)
  Writing register 16 (1 plus 4 plus 8 bytes)
  Writing record_full_end (1 + 4 + 4 bytes)
  Writing memory 0x7fffffffde28 (1 plus 8 plus 4 plus 8 bytes)
  Writing register 16 (1 plus 4 plus 8 bytes)
  Writing record_full_end (1 + 4 + 4 bytes)
  Writing memory 0x7fffffffde30 (1 plus 8 plus 4 plus 8 bytes)
  Writing register 16 (1 plus 4 plus 8 bytes)
  Writing record_full_end (1 + 4 + 4 bytes)
  Writing register 0 (1 plus 4 plus 8 bytes)
  Writing register 16 (1 plus 4 plus 8 bytes)
  Writing record_full_end (1 + 4 + 4 bytes)
  Writing register 3 (1 plus 4 plus 8 bytes)
  Writing register 17 (1 plus 4 plus 4 bytes)
  Writing register 16 (1 plus 4 plus 8 bytes)
  Writing record_full_end (1 + 4 + 4 bytes)
  Writing memory 0x7fffffffe040 (1 plus 8 plus 4 plus 8 bytes)
  Writing register 16 (1 plus 4 plus 8 bytes)
  Writing record_full_end (1 + 4 + 4 bytes)
  Writing memory 0x7fffffffe048 (1 plus 8 plus 4 plus 8 bytes)
  Writing register 16 (1 plus 4 plus 8 bytes)
  Writing record_full_end (1 + 4 + 4 bytes)
  Writing memory 0x7fffffffe050 (1 plus 8 plus 4 plus 8 bytes)
  Writing register 16 (1 plus 4 plus 8 bytes)
  Writing record_full_end (1 + 4 + 4 bytes)
  Writing memory 0x7fffffffe058 (1 plus 8 plus 4 plus 8 bytes)
  Writing register 16 (1 plus 4 plus 8 bytes)
  Writing record_full_end (1 + 4 + 4 bytes)
  Writing memory 0x7fffffffe060 (1 plus 8 plus 4 plus 8 bytes)
  Writing register 16 (1 plus 4 plus 8 bytes)
  Writing record_full_end (1 + 4 + 4 bytes)
  Writing memory 0x7fffffffe068 (1 plus 8 plus 4 plus 8 bytes)
  Writing register 16 (1 plus 4 plus 8 bytes)
  Writing record_full_end (1 + 4 + 4 bytes)
  Writing memory 0x7fffffffe070 (1 plus 8 plus 4 plus 8 bytes)
  Writing register 16 (1 plus 4 plus 8 bytes)
  Writing record_full_end (1 + 4 + 4 bytes)
  Writing memory 0x7fffffffe078 (1 plus 8 plus 4 plus 8 bytes)
  Writing register 16 (1 plus 4 plus 8 bytes)
  Writing record_full_end (1 + 4 + 4 bytes)
Saved core file gdb_record.4124 with execution log.
(gdb) q
A debugging session is active.

	Inferior 1 [process 4124] will be killed.

Quit anyway? (y or n) y
Process record: record_full_close
